This file contains any messages produced by compilers while
running configure, to aid debugging if configure makes a mistake.

It was created by gtksnippets configure 0.1, which was
generated by GNU Autoconf 2.60.  Invocation command line was

  $ ./configure --enable-maintainer-mode

## --------- ##
## Platform. ##
## --------- ##

hostname = portatil
uname -m = i686
uname -r = 2.6.17-10-generic
uname -s = Linux
uname -v = #2 SMP Tue Dec 5 22:28:26 UTC 2006

/usr/bin/uname -p = unknown
/bin/uname -X     = unknown

/bin/arch              = i686
/usr/bin/arch -k       = unknown
/usr/convex/getsysinfo = unknown
/usr/bin/hostinfo      = unknown
/bin/machine           = unknown
/usr/bin/oslevel       = unknown
/bin/universe          = unknown

PATH: /usr/local/sbin
PATH: /usr/local/bin
PATH: /usr/sbin
PATH: /usr/bin
PATH: /sbin
PATH: /bin
PATH: /usr/bin/X11
PATH: /usr/games


## ----------- ##
## Core tests. ##
## ----------- ##

configure:1993: checking for a BSD-compatible install
configure:2049: result: /usr/bin/install -c
configure:2060: checking whether build environment is sane
configure:2103: result: yes
configure:2168: checking for gawk
configure:2198: result: no
configure:2168: checking for mawk
configure:2184: found /usr/bin/mawk
configure:2195: result: mawk
configure:2206: checking whether make sets $(MAKE)
configure:2227: result: yes
configure:2413: checking whether to enable maintainer-specific portions of Makefiles
configure:2422: result: yes
configure:2450: checking for style of include used by make
configure:2478: result: GNU
configure:2551: checking for gcc
configure:2567: found /usr/bin/gcc
configure:2578: result: gcc
configure:2816: checking for C compiler version
configure:2823: gcc --version >&5
gcc (GCC) 4.1.2 20060928 (prerelease) (Ubuntu 4.1.1-13ubuntu5)
Copyright (C) 2006 Free Software Foundation, Inc.
This is free software; see the source for copying conditions.  There is NO
warranty; not even for MERCHANTABILITY or FITNESS FOR A PARTICULAR PURPOSE.

configure:2826: $? = 0
configure:2833: gcc -v >&5
Using built-in specs.
Target: i486-linux-gnu
Configured with: ../src/configure -v --enable-languages=c,c++,fortran,objc,obj-c++,treelang --prefix=/usr --enable-shared --with-system-zlib --libexecdir=/usr/lib --without-included-gettext --enable-threads=posix --enable-nls --program-suffix=-4.1 --enable-__cxa_atexit --enable-clocale=gnu --enable-libstdcxx-debug --enable-mpfr --enable-checking=release i486-linux-gnu
Thread model: posix
gcc version 4.1.2 20060928 (prerelease) (Ubuntu 4.1.1-13ubuntu5)
configure:2836: $? = 0
configure:2843: gcc -V >&5
gcc: '-V' option must have argument
configure:2846: $? = 1
configure:2869: checking for C compiler default output file name
configure:2896: gcc    conftest.c  >&5
configure:2899: $? = 0
configure:2945: result: a.out
configure:2950: checking whether the C compiler works
configure:2960: ./a.out
configure:2963: $? = 0
configure:2980: result: yes
configure:2987: checking whether we are cross compiling
configure:2989: result: no
configure:2992: checking for suffix of executables
configure:2999: gcc -o conftest    conftest.c  >&5
configure:3002: $? = 0
configure:3026: result: 
configure:3032: checking for suffix of object files
configure:3058: gcc -c   conftest.c >&5
configure:3061: $? = 0
configure:3084: result: o
configure:3088: checking whether we are using the GNU C compiler
configure:3117: gcc -c   conftest.c >&5
configure:3123: $? = 0
configure:3130: test -z "$ac_c_werror_flag" || test ! -s conftest.err
configure:3133: $? = 0
configure:3140: test -s conftest.o
configure:3143: $? = 0
configure:3157: result: yes
configure:3162: checking whether gcc accepts -g
configure:3192: gcc -c -g  conftest.c >&5
configure:3198: $? = 0
configure:3205: test -z "$ac_c_werror_flag" || test ! -s conftest.err
configure:3208: $? = 0
configure:3215: test -s conftest.o
configure:3218: $? = 0
configure:3348: result: yes
configure:3365: checking for gcc option to accept ISO C89
configure:3439: gcc  -c -g -O2  conftest.c >&5
configure:3445: $? = 0
configure:3452: test -z "$ac_c_werror_flag" || test ! -s conftest.err
configure:3455: $? = 0
configure:3462: test -s conftest.o
configure:3465: $? = 0
configure:3485: result: none needed
configure:3505: checking dependency style of gcc
configure:3595: result: gcc3
configure:3613: checking for library containing strerror
configure:3654: gcc -o conftest -g -O2   conftest.c  >&5
configure:3660: $? = 0
configure:3667: test -z "$ac_c_werror_flag" || test ! -s conftest.err
configure:3670: $? = 0
configure:3677: test -s conftest
configure:3680: $? = 0
configure:3704: result: none required
configure:3760: checking for gcc
configure:3787: result: gcc
configure:4025: checking for C compiler version
configure:4032: gcc --version >&5
gcc (GCC) 4.1.2 20060928 (prerelease) (Ubuntu 4.1.1-13ubuntu5)
Copyright (C) 2006 Free Software Foundation, Inc.
This is free software; see the source for copying conditions.  There is NO
warranty; not even for MERCHANTABILITY or FITNESS FOR A PARTICULAR PURPOSE.

configure:4035: $? = 0
configure:4042: gcc -v >&5
Using built-in specs.
Target: i486-linux-gnu
Configured with: ../src/configure -v --enable-languages=c,c++,fortran,objc,obj-c++,treelang --prefix=/usr --enable-shared --with-system-zlib --libexecdir=/usr/lib --without-included-gettext --enable-threads=posix --enable-nls --program-suffix=-4.1 --enable-__cxa_atexit --enable-clocale=gnu --enable-libstdcxx-debug --enable-mpfr --enable-checking=release i486-linux-gnu
Thread model: posix
gcc version 4.1.2 20060928 (prerelease) (Ubuntu 4.1.1-13ubuntu5)
configure:4045: $? = 0
configure:4052: gcc -V >&5
gcc: '-V' option must have argument
configure:4055: $? = 1
configure:4058: checking whether we are using the GNU C compiler
configure:4127: result: yes
configure:4132: checking whether gcc accepts -g
configure:4318: result: yes
configure:4335: checking for gcc option to accept ISO C89
configure:4455: result: none needed
configure:4475: checking dependency style of gcc
configure:4565: result: gcc3
configure:4630: checking for gcc
configure:4657: result: gcc
configure:4895: checking for C compiler version
configure:4902: gcc --version >&5
gcc (GCC) 4.1.2 20060928 (prerelease) (Ubuntu 4.1.1-13ubuntu5)
Copyright (C) 2006 Free Software Foundation, Inc.
This is free software; see the source for copying conditions.  There is NO
warranty; not even for MERCHANTABILITY or FITNESS FOR A PARTICULAR PURPOSE.

configure:4905: $? = 0
configure:4912: gcc -v >&5
Using built-in specs.
Target: i486-linux-gnu
Configured with: ../src/configure -v --enable-languages=c,c++,fortran,objc,obj-c++,treelang --prefix=/usr --enable-shared --with-system-zlib --libexecdir=/usr/lib --without-included-gettext --enable-threads=posix --enable-nls --program-suffix=-4.1 --enable-__cxa_atexit --enable-clocale=gnu --enable-libstdcxx-debug --enable-mpfr --enable-checking=release i486-linux-gnu
Thread model: posix
gcc version 4.1.2 20060928 (prerelease) (Ubuntu 4.1.1-13ubuntu5)
configure:4915: $? = 0
configure:4922: gcc -V >&5
gcc: '-V' option must have argument
configure:4925: $? = 1
configure:4928: checking whether we are using the GNU C compiler
configure:4997: result: yes
configure:5002: checking whether gcc accepts -g
configure:5188: result: yes
configure:5205: checking for gcc option to accept ISO C89
configure:5325: result: none needed
configure:5345: checking dependency style of gcc
configure:5435: result: gcc3
configure:5460: checking how to run the C preprocessor
configure:5500: gcc -E  conftest.c
configure:5506: $? = 0
configure:5544: gcc -E  conftest.c
conftest.c:10:28: error: ac_nonexistent.h: No such file or directory
configure:5550: $? = 1
configure: failed program was:
| /* confdefs.h.  */
| #define PACKAGE_NAME "gtksnippets"
| #define PACKAGE_TARNAME "gtksnippets"
| #define PACKAGE_VERSION "0.1"
| #define PACKAGE_STRING "gtksnippets 0.1"
| #define PACKAGE_BUGREPORT ""
| #define PACKAGE "gtksnippets"
| #define VERSION "0.1"
| /* end confdefs.h.  */
| #include <ac_nonexistent.h>
configure:5590: result: gcc -E
configure:5619: gcc -E  conftest.c
configure:5625: $? = 0
configure:5663: gcc -E  conftest.c
conftest.c:10:28: error: ac_nonexistent.h: No such file or directory
configure:5669: $? = 1
configure: failed program was:
| /* confdefs.h.  */
| #define PACKAGE_NAME "gtksnippets"
| #define PACKAGE_TARNAME "gtksnippets"
| #define PACKAGE_VERSION "0.1"
| #define PACKAGE_STRING "gtksnippets 0.1"
| #define PACKAGE_BUGREPORT ""
| #define PACKAGE "gtksnippets"
| #define VERSION "0.1"
| /* end confdefs.h.  */
| #include <ac_nonexistent.h>
configure:5714: checking for grep that handles long lines and -e
configure:5788: result: /bin/grep
configure:5793: checking for egrep
configure:5871: result: /bin/grep -E
configure:5876: checking for ANSI C header files
configure:5906: gcc -c -g -O2  conftest.c >&5
configure:5912: $? = 0
configure:5919: test -z "$ac_c_werror_flag" || test ! -s conftest.err
configure:5922: $? = 0
configure:5929: test -s conftest.o
configure:5932: $? = 0
configure:6028: gcc -o conftest -g -O2   conftest.c  >&5
configure:6031: $? = 0
configure:6037: ./conftest
configure:6040: $? = 0
configure:6057: result: yes
configure:6074: checking how to run the C preprocessor
configure:6204: result: gcc -E
configure:6233: gcc -E  conftest.c
configure:6239: $? = 0
configure:6277: gcc -E  conftest.c
conftest.c:11:28: error: ac_nonexistent.h: No such file or directory
configure:6283: $? = 1
configure: failed program was:
| /* confdefs.h.  */
| #define PACKAGE_NAME "gtksnippets"
| #define PACKAGE_TARNAME "gtksnippets"
| #define PACKAGE_VERSION "0.1"
| #define PACKAGE_STRING "gtksnippets 0.1"
| #define PACKAGE_BUGREPORT ""
| #define PACKAGE "gtksnippets"
| #define VERSION "0.1"
| #define STDC_HEADERS 1
| /* end confdefs.h.  */
| #include <ac_nonexistent.h>
configure:6385: checking for g++
configure:6401: found /usr/bin/g++
configure:6412: result: g++
configure:6443: checking for C++ compiler version
configure:6450: g++ --version >&5
g++ (GCC) 4.1.2 20060928 (prerelease) (Ubuntu 4.1.1-13ubuntu5)
Copyright (C) 2006 Free Software Foundation, Inc.
This is free software; see the source for copying conditions.  There is NO
warranty; not even for MERCHANTABILITY or FITNESS FOR A PARTICULAR PURPOSE.

configure:6453: $? = 0
configure:6460: g++ -v >&5
Using built-in specs.
Target: i486-linux-gnu
Configured with: ../src/configure -v --enable-languages=c,c++,fortran,objc,obj-c++,treelang --prefix=/usr --enable-shared --with-system-zlib --libexecdir=/usr/lib --without-included-gettext --enable-threads=posix --enable-nls --program-suffix=-4.1 --enable-__cxa_atexit --enable-clocale=gnu --enable-libstdcxx-debug --enable-mpfr --enable-checking=release i486-linux-gnu
Thread model: posix
gcc version 4.1.2 20060928 (prerelease) (Ubuntu 4.1.1-13ubuntu5)
configure:6463: $? = 0
configure:6470: g++ -V >&5
g++: '-V' option must have argument
configure:6473: $? = 1
configure:6476: checking whether we are using the GNU C++ compiler
configure:6505: g++ -c   conftest.cpp >&5
configure:6511: $? = 0
configure:6518: test -z "$ac_cxx_werror_flag" || test ! -s conftest.err
configure:6521: $? = 0
configure:6528: test -s conftest.o
configure:6531: $? = 0
configure:6545: result: yes
configure:6550: checking whether g++ accepts -g
configure:6580: g++ -c -g  conftest.cpp >&5
configure:6586: $? = 0
configure:6593: test -z "$ac_cxx_werror_flag" || test ! -s conftest.err
configure:6596: $? = 0
configure:6603: test -s conftest.o
configure:6606: $? = 0
configure:6736: result: yes
configure:6761: checking dependency style of g++
configure:6851: result: gcc3
configure:6894: checking for sys/types.h
configure:6915: gcc -c -g -O2  conftest.c >&5
configure:6921: $? = 0
configure:6928: test -z "$ac_c_werror_flag" || test ! -s conftest.err
configure:6931: $? = 0
configure:6938: test -s conftest.o
configure:6941: $? = 0
configure:6954: result: yes
configure:6894: checking for sys/stat.h
configure:6915: gcc -c -g -O2  conftest.c >&5
configure:6921: $? = 0
configure:6928: test -z "$ac_c_werror_flag" || test ! -s conftest.err
configure:6931: $? = 0
configure:6938: test -s conftest.o
configure:6941: $? = 0
configure:6954: result: yes
configure:6894: checking for stdlib.h
configure:6915: gcc -c -g -O2  conftest.c >&5
configure:6921: $? = 0
configure:6928: test -z "$ac_c_werror_flag" || test ! -s conftest.err
configure:6931: $? = 0
configure:6938: test -s conftest.o
configure:6941: $? = 0
configure:6954: result: yes
configure:6894: checking for string.h
configure:6915: gcc -c -g -O2  conftest.c >&5
configure:6921: $? = 0
configure:6928: test -z "$ac_c_werror_flag" || test ! -s conftest.err
configure:6931: $? = 0
configure:6938: test -s conftest.o
configure:6941: $? = 0
configure:6954: result: yes
configure:6894: checking for memory.h
configure:6915: gcc -c -g -O2  conftest.c >&5
configure:6921: $? = 0
configure:6928: test -z "$ac_c_werror_flag" || test ! -s conftest.err
configure:6931: $? = 0
configure:6938: test -s conftest.o
configure:6941: $? = 0
configure:6954: result: yes
configure:6894: checking for strings.h
configure:6915: gcc -c -g -O2  conftest.c >&5
configure:6921: $? = 0
configure:6928: test -z "$ac_c_werror_flag" || test ! -s conftest.err
configure:6931: $? = 0
configure:6938: test -s conftest.o
configure:6941: $? = 0
configure:6954: result: yes
configure:6894: checking for inttypes.h
configure:6915: gcc -c -g -O2  conftest.c >&5
configure:6921: $? = 0
configure:6928: test -z "$ac_c_werror_flag" || test ! -s conftest.err
configure:6931: $? = 0
configure:6938: test -s conftest.o
configure:6941: $? = 0
configure:6954: result: yes
configure:6894: checking for stdint.h
configure:6915: gcc -c -g -O2  conftest.c >&5
configure:6921: $? = 0
configure:6928: test -z "$ac_c_werror_flag" || test ! -s conftest.err
configure:6931: $? = 0
configure:6938: test -s conftest.o
configure:6941: $? = 0
configure:6954: result: yes
configure:6894: checking for unistd.h
configure:6915: gcc -c -g -O2  conftest.c >&5
configure:6921: $? = 0
configure:6928: test -z "$ac_c_werror_flag" || test ! -s conftest.err
configure:6931: $? = 0
configure:6938: test -s conftest.o
configure:6941: $? = 0
configure:6954: result: yes
configure:6982: checking locale.h usability
configure:6999: gcc -c -g -O2  conftest.c >&5
configure:7005: $? = 0
configure:7012: test -z "$ac_c_werror_flag" || test ! -s conftest.err
configure:7015: $? = 0
configure:7022: test -s conftest.o
configure:7025: $? = 0
configure:7036: result: yes
configure:7040: checking locale.h presence
configure:7055: gcc -E  conftest.c
configure:7061: $? = 0
configure:7082: result: yes
configure:7110: checking for locale.h
configure:7118: result: yes
configure:7132: checking for LC_MESSAGES
configure:7158: gcc -o conftest -g -O2   conftest.c  >&5
configure:7164: $? = 0
configure:7171: test -z "$ac_c_werror_flag" || test ! -s conftest.err
configure:7174: $? = 0
configure:7181: test -s conftest
configure:7184: $? = 0
configure:7197: result: yes
configure:7226: checking libintl.h usability
configure:7243: gcc -c -g -O2  conftest.c >&5
configure:7249: $? = 0
configure:7256: test -z "$ac_c_werror_flag" || test ! -s conftest.err
configure:7259: $? = 0
configure:7266: test -s conftest.o
configure:7269: $? = 0
configure:7280: result: yes
configure:7284: checking libintl.h presence
configure:7299: gcc -E  conftest.c
configure:7305: $? = 0
configure:7326: result: yes
configure:7354: checking for libintl.h
configure:7361: result: yes
configure:7372: checking for ngettext in libc
configure:7400: gcc -o conftest -g -O2   conftest.c  >&5
configure:7406: $? = 0
configure:7413: test -z "$ac_c_werror_flag" || test ! -s conftest.err
configure:7416: $? = 0
configure:7423: test -s conftest
configure:7426: $? = 0
configure:7440: result: yes
configure:7444: checking for dgettext in libc
configure:7472: gcc -o conftest -g -O2   conftest.c  >&5
configure:7478: $? = 0
configure:7485: test -z "$ac_c_werror_flag" || test ! -s conftest.err
configure:7488: $? = 0
configure:7495: test -s conftest
configure:7498: $? = 0
configure:7512: result: yes
configure:7521: checking for bind_textdomain_codeset
configure:7577: gcc -o conftest -g -O2   conftest.c  >&5
configure:7583: $? = 0
configure:7590: test -z "$ac_c_werror_flag" || test ! -s conftest.err
configure:7593: $? = 0
configure:7600: test -s conftest
configure:7603: $? = 0
configure:7617: result: yes
configure:8200: checking for msgfmt
configure:8227: result: /usr/bin/msgfmt
configure:8240: checking for dcgettext
configure:8296: gcc -o conftest -g -O2   conftest.c   >&5
conftest.c:48: warning: conflicting types for built-in function 'dcgettext'
configure:8302: $? = 0
configure:8309: test -z "$ac_c_werror_flag" || test ! -s conftest.err
configure:8312: $? = 0
configure:8319: test -s conftest
configure:8322: $? = 0
configure:8336: result: yes
configure:8348: checking for gmsgfmt
configure:8379: result: /usr/bin/msgfmt
configure:8389: checking for xgettext
configure:8416: result: /usr/bin/xgettext
configure:8445: gcc -o conftest -g -O2   conftest.c   >&5
configure:8451: $? = 0
configure:8458: test -z "$ac_c_werror_flag" || test ! -s conftest.err
configure:8461: $? = 0
configure:8468: test -s conftest
configure:8471: $? = 0
configure:8790: checking build system type
configure:8808: result: i686-pc-linux-gnu
configure:8830: checking host system type
configure:8845: result: i686-pc-linux-gnu
configure:8867: checking for a sed that does not truncate output
configure:8921: result: /bin/sed
configure:8935: checking for ld used by gcc
configure:9002: result: /usr/bin/ld
configure:9011: checking if the linker (/usr/bin/ld) is GNU ld
configure:9026: result: yes
configure:9031: checking for /usr/bin/ld option to reload object files
configure:9038: result: -r
configure:9056: checking for BSD-compatible nm
configure:9105: result: /usr/bin/nm -B
configure:9109: checking whether ln -s works
configure:9113: result: yes
configure:9120: checking how to recognise dependent libraries
configure:9296: result: pass_all
configure:9555: checking dlfcn.h usability
configure:9572: gcc -c -g -O2  conftest.c >&5
configure:9578: $? = 0
configure:9585: test -z "$ac_c_werror_flag" || test ! -s conftest.err
configure:9588: $? = 0
configure:9595: test -s conftest.o
configure:9598: $? = 0
configure:9609: result: yes
configure:9613: checking dlfcn.h presence
configure:9628: gcc -E  conftest.c
configure:9634: $? = 0
configure:9655: result: yes
configure:9683: checking for dlfcn.h
configure:9691: result: yes
configure:9714: checking how to run the C++ preprocessor
configure:9750: g++ -E  conftest.cpp
configure:9756: $? = 0
configure:9794: g++ -E  conftest.cpp
conftest.cpp:28:28: error: ac_nonexistent.h: No such file or directory
configure:9800: $? = 1
configure: failed program was:
| /* confdefs.h.  */
| #define PACKAGE_NAME "gtksnippets"
| #define PACKAGE_TARNAME "gtksnippets"
| #define PACKAGE_VERSION "0.1"
| #define PACKAGE_STRING "gtksnippets 0.1"
| #define PACKAGE_BUGREPORT ""
| #define PACKAGE "gtksnippets"
| #define VERSION "0.1"
| #define STDC_HEADERS 1
| #define GETTEXT_PACKAGE "gtksnippets"
| #define HAVE_SYS_TYPES_H 1
| #define HAVE_SYS_STAT_H 1
| #define HAVE_STDLIB_H 1
| #define HAVE_STRING_H 1
| #define HAVE_MEMORY_H 1
| #define HAVE_STRINGS_H 1
| #define HAVE_INTTYPES_H 1
| #define HAVE_STDINT_H 1
| #define HAVE_UNISTD_H 1
| #define HAVE_LOCALE_H 1
| #define HAVE_LC_MESSAGES 1
| #define HAVE_BIND_TEXTDOMAIN_CODESET 1
| #define HAVE_GETTEXT 1
| #define HAVE_DCGETTEXT 1
| #define ENABLE_NLS 1
| #define HAVE_DLFCN_H 1
| /* end confdefs.h.  */
| #include <ac_nonexistent.h>
configure:9840: result: g++ -E
configure:9869: g++ -E  conftest.cpp
configure:9875: $? = 0
configure:9913: g++ -E  conftest.cpp
conftest.cpp:28:28: error: ac_nonexistent.h: No such file or directory
configure:9919: $? = 1
configure: failed program was:
| /* confdefs.h.  */
| #define PACKAGE_NAME "gtksnippets"
| #define PACKAGE_TARNAME "gtksnippets"
| #define PACKAGE_VERSION "0.1"
| #define PACKAGE_STRING "gtksnippets 0.1"
| #define PACKAGE_BUGREPORT ""
| #define PACKAGE "gtksnippets"
| #define VERSION "0.1"
| #define STDC_HEADERS 1
| #define GETTEXT_PACKAGE "gtksnippets"
| #define HAVE_SYS_TYPES_H 1
| #define HAVE_SYS_STAT_H 1
| #define HAVE_STDLIB_H 1
| #define HAVE_STRING_H 1
| #define HAVE_MEMORY_H 1
| #define HAVE_STRINGS_H 1
| #define HAVE_INTTYPES_H 1
| #define HAVE_STDINT_H 1
| #define HAVE_UNISTD_H 1
| #define HAVE_LOCALE_H 1
| #define HAVE_LC_MESSAGES 1
| #define HAVE_BIND_TEXTDOMAIN_CODESET 1
| #define HAVE_GETTEXT 1
| #define HAVE_DCGETTEXT 1
| #define ENABLE_NLS 1
| #define HAVE_DLFCN_H 1
| /* end confdefs.h.  */
| #include <ac_nonexistent.h>
configure:10019: checking for g77
configure:10049: result: no
configure:10019: checking for f77
configure:10049: result: no
configure:10019: checking for xlf
configure:10049: result: no
configure:10019: checking for frt
configure:10049: result: no
configure:10019: checking for pgf77
configure:10049: result: no
configure:10019: checking for cf77
configure:10049: result: no
configure:10019: checking for fort77
configure:10049: result: no
configure:10019: checking for fl32
configure:10049: result: no
configure:10019: checking for af77
configure:10049: result: no
configure:10019: checking for f90
configure:10049: result: no
configure:10019: checking for xlf90
configure:10049: result: no
configure:10019: checking for pgf90
configure:10049: result: no
configure:10019: checking for pghpf
configure:10049: result: no
configure:10019: checking for epcf90
configure:10049: result: no
configure:10019: checking for gfortran
configure:10049: result: no
configure:10019: checking for g95
configure:10049: result: no
configure:10019: checking for f95
configure:10049: result: no
configure:10019: checking for fort
configure:10049: result: no
configure:10019: checking for xlf95
configure:10049: result: no
configure:10019: checking for ifort
configure:10049: result: no
configure:10019: checking for ifc
configure:10049: result: no
configure:10019: checking for efc
configure:10049: result: no
configure:10019: checking for pgf95
configure:10049: result: no
configure:10019: checking for lf95
configure:10049: result: no
configure:10019: checking for ftn
configure:10049: result: no
configure:10076: checking for Fortran 77 compiler version
configure:10083:  --version >&5
./configure: line 10084: --version: command not found
configure:10086: $? = 127
configure:10093:  -v >&5
./configure: line 10094: -v: command not found
configure:10096: $? = 127
configure:10103:  -V >&5
./configure: line 10104: -V: command not found
configure:10106: $? = 127
configure:10114: checking whether we are using the GNU Fortran 77 compiler
configure:10133:  -c  conftest.F >&5
./configure: line 10134: -c: command not found
configure:10139: $? = 127
configure: failed program was:
|       program main
| #ifndef __GNUC__
|        choke me
| #endif
| 
|       end
configure:10173: result: no
configure:10179: checking whether  accepts -g
configure:10196:  -c -g conftest.f >&5
./configure: line 10197: -c: command not found
configure:10202: $? = 127
configure: failed program was:
|       program main
| 
|       end
configure:10235: result: no
configure:10265: checking the maximum length of command line arguments
configure:10374: result: 32768
configure:10385: checking command to parse /usr/bin/nm -B output from gcc object
configure:10490: gcc -c -g -O2  conftest.c >&5
configure:10493: $? = 0
configure:10497: /usr/bin/nm -B conftest.o \| sed -n -e 's/^.*[ 	]\([ABCDGIRSTW][ABCDGIRSTW]*\)[ 	][ 	]*\([_A-Za-z][_A-Za-z0-9]*\)$/\1 \2 \2/p' \> conftest.nm
configure:10500: $? = 0
configure:10552: gcc -o conftest -g -O2   conftest.c conftstm.o >&5
configure:10555: $? = 0
configure:10593: result: ok
configure:10597: checking for objdir
configure:10612: result: .libs
configure:10704: checking for ar
configure:10720: found /usr/bin/ar
configure:10731: result: ar
configure:10800: checking for ranlib
configure:10816: found /usr/bin/ranlib
configure:10827: result: ranlib
configure:10896: checking for strip
configure:10912: found /usr/bin/strip
configure:10923: result: strip
configure:11209: checking if gcc supports -fno-rtti -fno-exceptions
configure:11227: gcc -c -g -O2  -fno-rtti -fno-exceptions conftest.c >&5
cc1: warning: command line option "-fno-rtti" is valid for C++/ObjC++ but not for C
configure:11231: $? = 0
configure:11244: result: no
configure:11259: checking for gcc option to produce PIC
configure:11469: result: -fPIC
configure:11477: checking if gcc PIC flag -fPIC works
configure:11495: gcc -c -g -O2  -fPIC -DPIC conftest.c >&5
configure:11499: $? = 0
configure:11512: result: yes
configure:11540: checking if gcc static flag -static works
configure:11568: result: yes
configure:11578: checking if gcc supports -c -o file.o
configure:11599: gcc -c -g -O2  -o out/conftest2.o conftest.c >&5
configure:11603: $? = 0
configure:11625: result: yes
configure:11651: checking whether the gcc linker (/usr/bin/ld) supports shared libraries
configure:12638: result: yes
configure:12659: checking whether -lc should be explicitly linked in
configure:12664: gcc -c -g -O2  conftest.c >&5
configure:12667: $? = 0
configure:12682: gcc -shared conftest.o  -v -Wl,-soname -Wl,conftest -o conftest 2\>\&1 \| grep  -lc  \>/dev/null 2\>\&1
configure:12685: $? = 0
configure:12697: result: no
configure:12705: checking dynamic linker characteristics
configure:13281: result: GNU/Linux ld.so
configure:13290: checking how to hardcode library paths into programs
configure:13315: result: immediate
configure:13329: checking whether stripping libraries is possible
configure:13334: result: yes
configure:14247: checking if libtool supports shared libraries
configure:14249: result: yes
configure:14252: checking whether to build shared libraries
configure:14273: result: yes
configure:14276: checking whether to build static libraries
configure:14280: result: yes
configure:14372: creating libtool
configure:14960: checking for ld used by g++
configure:15027: result: /usr/bin/ld
configure:15036: checking if the linker (/usr/bin/ld) is GNU ld
configure:15051: result: yes
configure:15102: checking whether the g++ linker (/usr/bin/ld) supports shared libraries
configure:16068: result: yes
configure:16086: g++ -c -g -O2  conftest.cpp >&5
configure:16089: $? = 0
configure:16208: checking for g++ option to produce PIC
configure:16482: result: -fPIC
configure:16490: checking if g++ PIC flag -fPIC works
configure:16508: g++ -c -g -O2  -fPIC -DPIC conftest.cpp >&5
configure:16512: $? = 0
configure:16525: result: yes
configure:16553: checking if g++ static flag -static works
configure:16581: result: yes
configure:16591: checking if g++ supports -c -o file.o
configure:16612: g++ -c -g -O2  -o out/conftest2.o conftest.cpp >&5
configure:16616: $? = 0
configure:16638: result: yes
configure:16664: checking whether the g++ linker (/usr/bin/ld) supports shared libraries
configure:16692: result: yes
configure:16759: checking dynamic linker characteristics
configure:17335: result: GNU/Linux ld.so
configure:17344: checking how to hardcode library paths into programs
configure:17369: result: immediate
configure:23603: checking for pkg-config
configure:23621: found /usr/bin/pkg-config
configure:23633: result: /usr/bin/pkg-config
configure:23662: checking pkg-config is at least version 0.9.0
configure:23665: result: yes
configure:23676: checking for GTKSNIPPETS
configure:23684: $PKG_CONFIG --exists --print-errors "gtk+-2.0 libglade-2.0    "
configure:23687: $? = 0
configure:23702: $PKG_CONFIG --exists --print-errors "gtk+-2.0 libglade-2.0    "
configure:23705: $? = 0
configure:23781: result: yes
configure:23807: checking gtk-doc version >= 1.0
configure:23810: result: yes
configure:23995: creating ./config.status

## ---------------------- ##
## Running config.status. ##
## ---------------------- ##

This file was extended by gtksnippets config.status 0.1, which was
generated by GNU Autoconf 2.60.  Invocation command line was

  CONFIG_FILES    = 
  CONFIG_HEADERS  = 
  CONFIG_LINKS    = 
  CONFIG_COMMANDS = 
  $ ./config.status 

on portatil

config.status:676: creating Makefile
config.status:676: creating src/Makefile
config.status:676: creating po/Makefile.in
config.status:811: WARNING:  po/Makefile.in.in seems to ignore the --datarootdir setting
config.status:676: creating libgtksnippets/Makefile
config.status:676: creating config.h
config.status:904: config.h is unchanged
config.status:950: executing depfiles commands
config.status:950: executing default-1 commands

## ---------------- ##
## Cache variables. ##
## ---------------- ##

ac_cv_build=i686-pc-linux-gnu
ac_cv_c_compiler_gnu=yes
ac_cv_cxx_compiler_gnu=yes
ac_cv_env_CCC_set=
ac_cv_env_CCC_value=
ac_cv_env_CC_set=
ac_cv_env_CC_value=
ac_cv_env_CFLAGS_set=
ac_cv_env_CFLAGS_value=
ac_cv_env_CPPFLAGS_set=
ac_cv_env_CPPFLAGS_value=
ac_cv_env_CPP_set=
ac_cv_env_CPP_value=
ac_cv_env_CXXCPP_set=
ac_cv_env_CXXCPP_value=
ac_cv_env_CXXFLAGS_set=
ac_cv_env_CXXFLAGS_value=
ac_cv_env_CXX_set=
ac_cv_env_CXX_value=
ac_cv_env_F77_set=
ac_cv_env_F77_value=
ac_cv_env_FFLAGS_set=
ac_cv_env_FFLAGS_value=
ac_cv_env_GTKSNIPPETS_CFLAGS_set=
ac_cv_env_GTKSNIPPETS_CFLAGS_value=
ac_cv_env_GTKSNIPPETS_LIBS_set=
ac_cv_env_GTKSNIPPETS_LIBS_value=
ac_cv_env_LDFLAGS_set=
ac_cv_env_LDFLAGS_value=
ac_cv_env_PKG_CONFIG_set=
ac_cv_env_PKG_CONFIG_value=
ac_cv_env_build_alias_set=
ac_cv_env_build_alias_value=
ac_cv_env_host_alias_set=
ac_cv_env_host_alias_value=
ac_cv_env_target_alias_set=
ac_cv_env_target_alias_value=
ac_cv_f77_compiler_gnu=no
ac_cv_func_bind_textdomain_codeset=yes
ac_cv_func_dcgettext=yes
ac_cv_header_dlfcn_h=yes
ac_cv_header_inttypes_h=yes
ac_cv_header_libintl_h=yes
ac_cv_header_locale_h=yes
ac_cv_header_memory_h=yes
ac_cv_header_stdc=yes
ac_cv_header_stdint_h=yes
ac_cv_header_stdlib_h=yes
ac_cv_header_string_h=yes
ac_cv_header_strings_h=yes
ac_cv_header_sys_stat_h=yes
ac_cv_header_sys_types_h=yes
ac_cv_header_unistd_h=yes
ac_cv_host=i686-pc-linux-gnu
ac_cv_objext=o
ac_cv_path_EGREP='/bin/grep -E'
ac_cv_path_GMSGFMT=/usr/bin/msgfmt
ac_cv_path_GREP=/bin/grep
ac_cv_path_MSGFMT=/usr/bin/msgfmt
ac_cv_path_XGETTEXT=/usr/bin/xgettext
ac_cv_path_ac_pt_PKG_CONFIG=/usr/bin/pkg-config
ac_cv_path_install='/usr/bin/install -c'
ac_cv_prog_AWK=mawk
ac_cv_prog_CPP='gcc -E'
ac_cv_prog_CXXCPP='g++ -E'
ac_cv_prog_ac_ct_AR=ar
ac_cv_prog_ac_ct_CC=gcc
ac_cv_prog_ac_ct_CXX=g++
ac_cv_prog_ac_ct_RANLIB=ranlib
ac_cv_prog_ac_ct_STRIP=strip
ac_cv_prog_cc_c89=
ac_cv_prog_cc_g=yes
ac_cv_prog_cxx_g=yes
ac_cv_prog_f77_g=no
ac_cv_prog_make_make_set=yes
ac_cv_search_strerror='none required'
am_cv_CC_dependencies_compiler_type=gcc3
am_cv_CXX_dependencies_compiler_type=gcc3
am_cv_prog_cc_stdc=
am_cv_val_LC_MESSAGES=yes
gt_cv_func_dgettext_libc=yes
gt_cv_func_dgettext_libintl=no
gt_cv_func_ngettext_libc=yes
gt_cv_have_gettext=yes
lt_cv_deplibs_check_method=pass_all
lt_cv_file_magic_cmd='$MAGIC_CMD'
lt_cv_file_magic_test_file=
lt_cv_ld_reload_flag=-r
lt_cv_objdir=.libs
lt_cv_path_LD=/usr/bin/ld
lt_cv_path_LDCXX=/usr/bin/ld
lt_cv_path_NM='/usr/bin/nm -B'
lt_cv_path_SED=/bin/sed
lt_cv_prog_compiler_c_o=yes
lt_cv_prog_compiler_c_o_CXX=yes
lt_cv_prog_compiler_rtti_exceptions=no
lt_cv_prog_gnu_ld=yes
lt_cv_prog_gnu_ldcxx=yes
lt_cv_sys_global_symbol_pipe='sed -n -e '\''s/^.*[ 	]\([ABCDGIRSTW][ABCDGIRSTW]*\)[ 	][ 	]*\([_A-Za-z][_A-Za-z0-9]*\)$/\1 \2 \2/p'\'''
lt_cv_sys_global_symbol_to_c_name_address='sed -n -e '\''s/^: \([^ ]*\) $/  {\"\1\", (lt_ptr) 0},/p'\'' -e '\''s/^[BCDEGRST] \([^ ]*\) \([^ ]*\)$/  {"\2", (lt_ptr) \&\2},/p'\'''
lt_cv_sys_global_symbol_to_cdecl='sed -n -e '\''s/^. .* \(.*\)$/extern int \1;/p'\'''
lt_cv_sys_max_cmd_len=32768
lt_lt_cv_prog_compiler_c_o='"yes"'
lt_lt_cv_prog_compiler_c_o_CXX='"yes"'
lt_lt_cv_sys_global_symbol_pipe='"sed -n -e '\''s/^.*[ 	]\\([ABCDGIRSTW][ABCDGIRSTW]*\\)[ 	][ 	]*\\([_A-Za-z][_A-Za-z0-9]*\\)\$/\\1 \\2 \\2/p'\''"'
lt_lt_cv_sys_global_symbol_to_c_name_address='"sed -n -e '\''s/^: \\([^ ]*\\) \$/  {\\\"\\1\\\", (lt_ptr) 0},/p'\'' -e '\''s/^[BCDEGRST] \\([^ ]*\\) \\([^ ]*\\)\$/  {\"\\2\", (lt_ptr) \\&\\2},/p'\''"'
lt_lt_cv_sys_global_symbol_to_cdecl='"sed -n -e '\''s/^. .* \\(.*\\)\$/extern int \\1;/p'\''"'
pkg_cv_GTKSNIPPETS_CFLAGS='-I/usr/include/gtk-2.0 -I/usr/lib/gtk-2.0/include -I/usr/include/atk-1.0 -I/usr/include/cairo -I/usr/include/pango-1.0 -I/usr/include/glib-2.0 -I/usr/lib/glib-2.0/include -I/usr/include/libglade-2.0 -I/usr/include/libxml2  '
pkg_cv_GTKSNIPPETS_LIBS='-lglade-2.0 -lgtk-x11-2.0 -lxml2 -lgdk-x11-2.0 -latk-1.0 -lgdk_pixbuf-2.0 -lm -lpangocairo-1.0 -lfontconfig -lXext -lXrender -lXinerama -lXi -lXrandr -lXcursor -lXfixes -lpango-1.0 -lcairo -lX11 -lgobject-2.0 -lgmodule-2.0 -ldl -lglib-2.0  '

## ----------------- ##
## Output variables. ##
## ----------------- ##

ACLOCAL='${SHELL} /home/perriman/Projects/gtksnippets/missing --run aclocal-1.9'
AMDEPBACKSLASH='\'
AMDEP_FALSE='#'
AMDEP_TRUE=''
AMTAR='${SHELL} /home/perriman/Projects/gtksnippets/missing --run tar'
AR='ar'
AUTOCONF='${SHELL} /home/perriman/Projects/gtksnippets/missing --run autoconf'
AUTOHEADER='${SHELL} /home/perriman/Projects/gtksnippets/missing --run autoheader'
AUTOMAKE='${SHELL} /home/perriman/Projects/gtksnippets/missing --run automake-1.9'
AWK='mawk'
CATALOGS=''
CATOBJEXT='.gmo'
CC='gcc'
CCDEPMODE='depmode=gcc3'
CFLAGS='-g -O2'
CPP='gcc -E'
CPPFLAGS=''
CXX='g++'
CXXCPP='g++ -E'
CXXDEPMODE='depmode=gcc3'
CXXFLAGS='-g -O2'
CYGPATH_W='echo'
DATADIRNAME='share'
DEFS='-DHAVE_CONFIG_H'
DEPDIR='.deps'
ECHO='echo'
ECHO_C=''
ECHO_N='-n'
ECHO_T=''
EGREP='/bin/grep -E'
ENABLE_GTK_DOC_FALSE='#'
ENABLE_GTK_DOC_TRUE=''
EXEEXT=''
F77=''
FFLAGS=''
GETTEXT_PACKAGE='gtksnippets'
GMOFILES=''
GMSGFMT='/usr/bin/msgfmt'
GREP='/bin/grep'
GTKSNIPPETS_CFLAGS='-I/usr/include/gtk-2.0 -I/usr/lib/gtk-2.0/include -I/usr/include/atk-1.0 -I/usr/include/cairo -I/usr/include/pango-1.0 -I/usr/include/glib-2.0 -I/usr/lib/glib-2.0/include -I/usr/include/libglade-2.0 -I/usr/include/libxml2  '
GTKSNIPPETS_LIBS='-lglade-2.0 -lgtk-x11-2.0 -lxml2 -lgdk-x11-2.0 -latk-1.0 -lgdk_pixbuf-2.0 -lm -lpangocairo-1.0 -lfontconfig -lXext -lXrender -lXinerama -lXi -lXrandr -lXcursor -lXfixes -lpango-1.0 -lcairo -lX11 -lgobject-2.0 -lgmodule-2.0 -ldl -lglib-2.0  '
HTML_DIR='${datadir}/gtk-doc/html'
INSTALL_DATA='${INSTALL} -m 644'
INSTALL_PROGRAM='${INSTALL}'
INSTALL_SCRIPT='${INSTALL}'
INSTALL_STRIP_PROGRAM='${SHELL} $(install_sh) -c -s'
INSTOBJEXT='.mo'
INTLLIBS=''
LDFLAGS=''
LIBOBJS=''
LIBS=''
LIBTOOL='$(SHELL) $(top_builddir)/libtool'
LN_S='ln -s'
LTLIBOBJS=''
MAINT=''
MAINTAINER_MODE_FALSE='#'
MAINTAINER_MODE_TRUE=''
MAKEINFO='${SHELL} /home/perriman/Projects/gtksnippets/missing --run makeinfo'
MKINSTALLDIRS='./mkinstalldirs'
MSGFMT='/usr/bin/msgfmt'
OBJEXT='o'
PACKAGE='gtksnippets'
PACKAGE_BUGREPORT=''
PACKAGE_NAME='gtksnippets'
PACKAGE_STRING='gtksnippets 0.1'
PACKAGE_TARNAME='gtksnippets'
PACKAGE_VERSION='0.1'
PATH_SEPARATOR=':'
PKG_CONFIG='/usr/bin/pkg-config'
POFILES=''
POSUB='po'
PO_IN_DATADIR_FALSE=''
PO_IN_DATADIR_TRUE=''
RANLIB='ranlib'
SET_MAKE=''
SHELL='/bin/bash'
STRIP='strip'
USE_NLS='yes'
VERSION='0.1'
XGETTEXT='/usr/bin/xgettext'
ac_ct_CC='gcc'
ac_ct_CXX='g++'
ac_ct_F77=''
am__fastdepCC_FALSE='#'
am__fastdepCC_TRUE=''
am__fastdepCXX_FALSE='#'
am__fastdepCXX_TRUE=''
am__include='include'
am__leading_dot='.'
am__quote=''
am__tar='${AMTAR} chof - "$$tardir"'
am__untar='${AMTAR} xf -'
bindir='${exec_prefix}/bin'
build='i686-pc-linux-gnu'
build_alias=''
build_cpu='i686'
build_os='linux-gnu'
build_vendor='pc'
datadir='${datarootdir}'
datarootdir='${prefix}/share'
docdir='${datarootdir}/doc/${PACKAGE_TARNAME}'
dvidir='${docdir}'
exec_prefix='${prefix}'
host='i686-pc-linux-gnu'
host_alias=''
host_cpu='i686'
host_os='linux-gnu'
host_vendor='pc'
htmldir='${docdir}'
includedir='${prefix}/include'
infodir='${datarootdir}/info'
install_sh='/home/perriman/Projects/gtksnippets/install-sh'
libdir='${exec_prefix}/lib'
libexecdir='${exec_prefix}/libexec'
localedir='${datarootdir}/locale'
localstatedir='${prefix}/var'
mandir='${datarootdir}/man'
mkdir_p='mkdir -p --'
oldincludedir='/usr/include'
pdfdir='${docdir}'
prefix='/usr/local'
program_transform_name='s,x,x,'
psdir='${docdir}'
sbindir='${exec_prefix}/sbin'
sharedstatedir='${prefix}/com'
sysconfdir='${prefix}/etc'
target_alias=''

## ----------- ##
## confdefs.h. ##
## ----------- ##

#define PACKAGE_NAME "gtksnippets"
#define PACKAGE_TARNAME "gtksnippets"
#define PACKAGE_VERSION "0.1"
#define PACKAGE_STRING "gtksnippets 0.1"
#define PACKAGE_BUGREPORT ""
#define PACKAGE "gtksnippets"
#define VERSION "0.1"
#define STDC_HEADERS 1
#define GETTEXT_PACKAGE "gtksnippets"
#define HAVE_SYS_TYPES_H 1
#define HAVE_SYS_STAT_H 1
#define HAVE_STDLIB_H 1
#define HAVE_STRING_H 1
#define HAVE_MEMORY_H 1
#define HAVE_STRINGS_H 1
#define HAVE_INTTYPES_H 1
#define HAVE_STDINT_H 1
#define HAVE_UNISTD_H 1
#define HAVE_LOCALE_H 1
#define HAVE_LC_MESSAGES 1
#define HAVE_BIND_TEXTDOMAIN_CODESET 1
#define HAVE_GETTEXT 1
#define HAVE_DCGETTEXT 1
#define ENABLE_NLS 1
#define HAVE_DLFCN_H 1

configure: exit 0

## ---------------------- ##
## Running config.status. ##
## ---------------------- ##

This file was extended by gtksnippets config.status 0.1, which was
generated by GNU Autoconf 2.60.  Invocation command line was

  CONFIG_FILES    = 
  CONFIG_HEADERS  = 
  CONFIG_LINKS    = 
  CONFIG_COMMANDS = 
  $ ./config.status src/Makefile depfiles

on portatil

config.status:676: creating src/Makefile
config.status:950: executing depfiles commands
